app/build/intermediates/manifest_merge_blame_file/debug/manifest-merger-blame-debug-report.txt
1<?xml version="1.0" encoding="utf-8"?>
2<manifest xmlns:android="http://schemas.android.com/apk/res/android"
3    package="com.one4ll.xplayer"
4    android:versionCode="1"
5    android:versionName="1.0" >
6
7    <uses-sdk
8        android:minSdkVersion="22"
8-->src/main/AndroidManifest.xml
9        android:targetSdkVersion="29" />
9-->src/main/AndroidManifest.xml
10
11    <uses-permission android:name="android.permission.INTERNET" />
11-->src/main/AndroidManifest.xml:5:5-67
11-->src/main/AndroidManifest.xml:5:22-64
12    <uses-permission android:name="android.permission.READ_EXTERNAL_STORAGE" />
12-->src/main/AndroidManifest.xml:6:5-80
12-->src/main/AndroidManifest.xml:6:22-77
13    <uses-permission android:name="android.permission.WRITE_EXTERNAL_STORAGE" />
13-->src/main/AndroidManifest.xml:7:5-81
13-->src/main/AndroidManifest.xml:7:22-78
14    <uses-permission android:name="android.permission.VIBRATE" />
14-->src/main/AndroidManifest.xml:8:5-66
14-->src/main/AndroidManifest.xml:8:22-63
15    <uses-permission android:name="android.permission.WRITE_SETTINGS" />
15-->src/main/AndroidManifest.xml:9:5-73
15-->src/main/AndroidManifest.xml:9:22-70
16    <uses-permission android:name="android.permission.ACCESS_NETWORK_STATE" /> <!-- To allow starting foreground services on Android P+ - https://developer.android.com/preview/behavior-changes#fg-svc -->
16-->[com.google.android.exoplayer:exoplayer-core:2.11.3] AndroidManifest.xml:24:5-79
16-->[com.google.android.exoplayer:exoplayer-core:2.11.3] AndroidManifest.xml:24:22-76
17    <uses-permission android:name="android.permission.FOREGROUND_SERVICE" />
17-->[com.squareup.leakcanary:leakcanary-android-core:2.4] AndroidManifest.xml:26:5-77
17-->[com.squareup.leakcanary:leakcanary-android-core:2.4] AndroidManifest.xml:26:22-74
18
19    <application
19-->src/main/AndroidManifest.xml:11:5-51:19
20        android:allowBackup="true"
20-->src/main/AndroidManifest.xml:12:9-35
21        android:appComponentFactory="androidx.core.app.CoreComponentFactory"
21-->[androidx.core:core:1.5.0-beta02] AndroidManifest.xml:24:18-86
22        android:debuggable="true"
23        android:hardwareAccelerated="true"
23-->src/main/AndroidManifest.xml:13:9-43
24        android:icon="@mipmap/ic_launcher"
24-->src/main/AndroidManifest.xml:14:9-43
25        android:label="@string/app_name"
25-->src/main/AndroidManifest.xml:15:9-41
26        android:requestLegacyExternalStorage="true"
26-->src/main/AndroidManifest.xml:16:9-52
27        android:roundIcon="@mipmap/ic_launcher_round"
27-->src/main/AndroidManifest.xml:17:9-54
28        android:supportsRtl="true"
28-->src/main/AndroidManifest.xml:18:9-35
29        android:testOnly="true"
30        android:theme="@style/AppTheme"
30-->src/main/AndroidManifest.xml:19:9-40
31        android:usesCleartextTraffic="true" >
31-->src/main/AndroidManifest.xml:20:9-44
32        <activity android:name="com.one4ll.xplayer.MainActivity2" />
32-->src/main/AndroidManifest.xml:21:9-50
32-->src/main/AndroidManifest.xml:21:19-48
33        <activity
33-->src/main/AndroidManifest.xml:22:9-31:20
34            android:name="com.one4ll.xplayer.GalleryActivity"
34-->src/main/AndroidManifest.xml:23:13-44
35            android:theme="@style/AppTheme.NoActionBar" >
35-->src/main/AndroidManifest.xml:24:13-56
36            <intent-filter>
36-->src/main/AndroidManifest.xml:25:13-30:29
37                <action android:name="android.intent.action.MAIN" />
37-->src/main/AndroidManifest.xml:26:17-69
37-->src/main/AndroidManifest.xml:26:25-66
38
39                <category android:name="android.intent.category.DEFAULT" />
39-->src/main/AndroidManifest.xml:27:17-76
39-->src/main/AndroidManifest.xml:27:27-73
40                <category android:name="android.intent.category.LAUNCHER" />
40-->src/main/AndroidManifest.xml:29:17-77
40-->src/main/AndroidManifest.xml:29:27-74
41            </intent-filter>
42        </activity>
43        <activity android:name="com.one4ll.xplayer.AllFilesList" />
43-->src/main/AndroidManifest.xml:32:9-50
43-->src/main/AndroidManifest.xml:32:19-47
44        <activity android:name="com.one4ll.xplayer.DownloadActivity" />
44-->src/main/AndroidManifest.xml:33:9-54
44-->src/main/AndroidManifest.xml:33:19-51
45        <activity
45-->src/main/AndroidManifest.xml:34:9-50:20
46            android:name="com.one4ll.xplayer.MainActivity"
46-->src/main/AndroidManifest.xml:35:13-41
47            android:screenOrientation="landscape"
47-->src/main/AndroidManifest.xml:36:13-50
48            android:theme="@style/Theme.AppCompat.DayNight.NoActionBar" >
48-->src/main/AndroidManifest.xml:37:13-72
49            <intent-filter>
49-->src/main/AndroidManifest.xml:38:13-49:29
50                <action android:name="android.intent.action.VIEW" />
50-->src/main/AndroidManifest.xml:39:17-69
50-->src/main/AndroidManifest.xml:39:25-66
51
52                <category android:name="android.intent.category.DEFAULT" />
52-->src/main/AndroidManifest.xml:27:17-76
52-->src/main/AndroidManifest.xml:27:27-73
53
54                <data android:scheme="http" />
54-->src/main/AndroidManifest.xml:43:17-47
54-->src/main/AndroidManifest.xml:43:23-44
55                <data android:scheme="https" />
55-->src/main/AndroidManifest.xml:43:17-47
55-->src/main/AndroidManifest.xml:43:23-44
56                <data android:scheme="content" />
56-->src/main/AndroidManifest.xml:43:17-47
56-->src/main/AndroidManifest.xml:43:23-44
57                <data android:scheme="file" />
57-->src/main/AndroidManifest.xml:43:17-47
57-->src/main/AndroidManifest.xml:43:23-44
58                <data android:scheme="asset" />
58-->src/main/AndroidManifest.xml:43:17-47
58-->src/main/AndroidManifest.xml:43:23-44
59                <data android:mimeType="video/*" />
59-->src/main/AndroidManifest.xml:43:17-47
59-->src/main/AndroidManifest.xml:48:23-49
60            </intent-filter>
61        </activity>
62
63        <service
63-->[com.squareup.leakcanary:leakcanary-android:2.4] AndroidManifest.xml:23:9-25:40
64            android:name="leakcanary.internal.HeapAnalyzerService"
64-->[com.squareup.leakcanary:leakcanary-android:2.4] AndroidManifest.xml:24:13-67
65            android:exported="false" />
65-->[com.squareup.leakcanary:leakcanary-android:2.4] AndroidManifest.xml:25:13-37
66        <service
66-->[androidx.room:room-runtime:2.2.5] AndroidManifest.xml:25:9-28:40
67            android:name="androidx.room.MultiInstanceInvalidationService"
67-->[androidx.room:room-runtime:2.2.5] AndroidManifest.xml:26:13-74
68            android:directBootAware="true"
68-->[androidx.room:room-runtime:2.2.5] AndroidManifest.xml:27:13-43
69            android:exported="false" />
69-->[androidx.room:room-runtime:2.2.5] AndroidManifest.xml:28:13-37
70
71        <provider
71-->[androidx.lifecycle:lifecycle-process:2.2.0] AndroidManifest.xml:25:9-29:43
72            android:name="androidx.lifecycle.ProcessLifecycleOwnerInitializer"
72-->[androidx.lifecycle:lifecycle-process:2.2.0] AndroidManifest.xml:26:13-79
73            android:authorities="com.one4ll.xplayer.lifecycle-process"
73-->[androidx.lifecycle:lifecycle-process:2.2.0] AndroidManifest.xml:27:13-69
74            android:exported="false"
74-->[androidx.lifecycle:lifecycle-process:2.2.0] AndroidManifest.xml:28:13-37
75            android:multiprocess="true" />
75-->[androidx.lifecycle:lifecycle-process:2.2.0] AndroidManifest.xml:29:13-40
76        <provider
76-->[com.squareup.leakcanary:leakcanary-android-core:2.4] AndroidManifest.xml:29:9-37:20
77            android:name="leakcanary.internal.LeakCanaryFileProvider"
77-->[com.squareup.leakcanary:leakcanary-android-core:2.4] AndroidManifest.xml:30:13-70
78            android:authorities="com.squareup.leakcanary.fileprovider.com.one4ll.xplayer"
78-->[com.squareup.leakcanary:leakcanary-android-core:2.4] AndroidManifest.xml:31:13-88
79            android:exported="false"
79-->[com.squareup.leakcanary:leakcanary-android-core:2.4] AndroidManifest.xml:32:13-37
80            android:grantUriPermissions="true" >
80-->[com.squareup.leakcanary:leakcanary-android-core:2.4] AndroidManifest.xml:33:13-47
81            <meta-data
81-->[com.squareup.leakcanary:leakcanary-android-core:2.4] AndroidManifest.xml:34:13-36:66
82                android:name="android.support.FILE_PROVIDER_PATHS"
82-->[com.squareup.leakcanary:leakcanary-android-core:2.4] AndroidManifest.xml:35:17-67
83                android:resource="@xml/leak_canary_file_paths" />
83-->[com.squareup.leakcanary:leakcanary-android-core:2.4] AndroidManifest.xml:36:17-63
84        </provider>
85
86        <activity
86-->[com.squareup.leakcanary:leakcanary-android-core:2.4] AndroidManifest.xml:39:9-44:66
87            android:name="leakcanary.internal.activity.LeakActivity"
87-->[com.squareup.leakcanary:leakcanary-android-core:2.4] AndroidManifest.xml:40:13-69
88            android:icon="@mipmap/leak_canary_icon"
88-->[com.squareup.leakcanary:leakcanary-android-core:2.4] AndroidManifest.xml:41:13-52
89            android:label="@string/leak_canary_display_activity_label"
89-->[com.squareup.leakcanary:leakcanary-android-core:2.4] AndroidManifest.xml:42:13-71
90            android:taskAffinity="com.squareup.leakcanary.com.one4ll.xplayer"
90-->[com.squareup.leakcanary:leakcanary-android-core:2.4] AndroidManifest.xml:43:13-76
91            android:theme="@style/leak_canary_LeakCanary.Base" />
91-->[com.squareup.leakcanary:leakcanary-android-core:2.4] AndroidManifest.xml:44:13-63
92
93        <activity-alias
93-->[com.squareup.leakcanary:leakcanary-android-core:2.4] AndroidManifest.xml:46:9-62:26
94            android:name="leakcanary.internal.activity.LeakLauncherActivity"
94-->[com.squareup.leakcanary:leakcanary-android-core:2.4] AndroidManifest.xml:47:13-77
95            android:banner="@drawable/leak_canary_tv_icon"
95-->[com.squareup.leakcanary:leakcanary-android-core:2.4] AndroidManifest.xml:48:13-59
96            android:enabled="@bool/leak_canary_add_launcher_icon"
96-->[com.squareup.leakcanary:leakcanary-android-core:2.4] AndroidManifest.xml:49:13-66
97            android:icon="@mipmap/leak_canary_icon"
97-->[com.squareup.leakcanary:leakcanary-android-core:2.4] AndroidManifest.xml:50:13-52
98            android:label="@string/leak_canary_display_activity_label"
98-->[com.squareup.leakcanary:leakcanary-android-core:2.4] AndroidManifest.xml:51:13-71
99            android:targetActivity="leakcanary.internal.activity.LeakActivity"
99-->[com.squareup.leakcanary:leakcanary-android-core:2.4] AndroidManifest.xml:52:13-79
100            android:taskAffinity="com.squareup.leakcanary.com.one4ll.xplayer"
100-->[com.squareup.leakcanary:leakcanary-android-core:2.4] AndroidManifest.xml:53:13-76
101            android:theme="@style/leak_canary_LeakCanary.Base" >
101-->[com.squareup.leakcanary:leakcanary-android-core:2.4] AndroidManifest.xml:54:13-63
102            <intent-filter>
102-->[com.squareup.leakcanary:leakcanary-android-core:2.4] AndroidManifest.xml:55:13-61:29
103                <action android:name="android.intent.action.MAIN" />
103-->src/main/AndroidManifest.xml:26:17-69
103-->src/main/AndroidManifest.xml:26:25-66
104
105                <category android:name="android.intent.category.LAUNCHER" />
105-->src/main/AndroidManifest.xml:29:17-77
105-->src/main/AndroidManifest.xml:29:27-74
106                <!-- Android TV launcher intent -->
107                <category android:name="android.intent.category.LEANBACK_LAUNCHER" />
107-->[com.squareup.leakcanary:leakcanary-android-core:2.4] AndroidManifest.xml:60:17-86
107-->[com.squareup.leakcanary:leakcanary-android-core:2.4] AndroidManifest.xml:60:27-83
108            </intent-filter>
109        </activity-alias>
110
111        <activity
111-->[com.squareup.leakcanary:leakcanary-android-core:2.4] AndroidManifest.xml:64:9-70:68
112            android:name="leakcanary.internal.RequestStoragePermissionActivity"
112-->[com.squareup.leakcanary:leakcanary-android-core:2.4] AndroidManifest.xml:65:13-80
113            android:excludeFromRecents="true"
113-->[com.squareup.leakcanary:leakcanary-android-core:2.4] AndroidManifest.xml:66:13-46
114            android:icon="@mipmap/leak_canary_icon"
114-->[com.squareup.leakcanary:leakcanary-android-core:2.4] AndroidManifest.xml:67:13-52
115            android:label="@string/leak_canary_storage_permission_activity_label"
115-->[com.squareup.leakcanary:leakcanary-android-core:2.4] AndroidManifest.xml:68:13-82
116            android:taskAffinity="com.squareup.leakcanary.com.one4ll.xplayer"
116-->[com.squareup.leakcanary:leakcanary-android-core:2.4] AndroidManifest.xml:69:13-76
117            android:theme="@style/leak_canary_Theme.Transparent" />
117-->[com.squareup.leakcanary:leakcanary-android-core:2.4] AndroidManifest.xml:70:13-65
118
119        <receiver android:name="leakcanary.internal.NotificationReceiver" />
119-->[com.squareup.leakcanary:leakcanary-android-core:2.4] AndroidManifest.xml:72:9-77
119-->[com.squareup.leakcanary:leakcanary-android-core:2.4] AndroidManifest.xml:72:19-74
120
121        <provider
121-->[com.squareup.leakcanary:leakcanary-object-watcher-android:2.4] AndroidManifest.xml:8:9-12:40
122            android:name="leakcanary.internal.AppWatcherInstaller$MainProcess"
122-->[com.squareup.leakcanary:leakcanary-object-watcher-android:2.4] AndroidManifest.xml:9:13-79
123            android:authorities="com.one4ll.xplayer.leakcanary-installer"
123-->[com.squareup.leakcanary:leakcanary-object-watcher-android:2.4] AndroidManifest.xml:10:13-72
124            android:enabled="@bool/leak_canary_watcher_auto_install"
124-->[com.squareup.leakcanary:leakcanary-object-watcher-android:2.4] AndroidManifest.xml:11:13-69
125            android:exported="false" />
125-->[com.squareup.leakcanary:leakcanary-object-watcher-android:2.4] AndroidManifest.xml:12:13-37
126        <provider
126-->[com.squareup.leakcanary:plumber-android:2.4] AndroidManifest.xml:8:9-12:40
127            android:name="leakcanary.internal.PlumberInstaller"
127-->[com.squareup.leakcanary:plumber-android:2.4] AndroidManifest.xml:9:13-64
128            android:authorities="com.one4ll.xplayer.plumber-installer"
128-->[com.squareup.leakcanary:plumber-android:2.4] AndroidManifest.xml:10:13-69
129            android:enabled="@bool/leak_canary_plumber_auto_install"
129-->[com.squareup.leakcanary:plumber-android:2.4] AndroidManifest.xml:11:13-69
130            android:exported="false" />
130-->[com.squareup.leakcanary:plumber-android:2.4] AndroidManifest.xml:12:13-37
131    </application>
132
133</manifest>